make all --print-data-base --no-builtin-variables --no-builtin-rules --question
# GNU Make 3.82
# Built for x86_64-koji-linux-gnu
# Copyright (C) 2010  Free Software Foundation, Inc.
# License GPLv3+: GNU GPL version 3 or later <http://gnu.org/licenses/gpl.html>
# This is free software: you are free to change and redistribute it.
# There is NO WARRANTY, to the extent permitted by law.

# Make data base, printed on Sat Jun 25 16:56:10 2022

# Variables

# automatic
<D = $(patsubst %/,%,$(dir $<))
# automatic
?F = $(notdir $?)
# default
.SHELLFLAGS := -c
# environment
VSCODE_AGENT_FOLDER = /home/rafaa_ahmed/.vscode-server
# environment
VSCODE_LOG_NATIVE = false
# environment
mounts3 = true
# automatic
?D = $(patsubst %/,%,$(dir $?))
# automatic
@D = $(patsubst %/,%,$(dir $@))
# automatic
@F = $(notdir $@)
# default
MAKE_VERSION := 3.82
# makefile
CURDIR := /home/rafaa_ahmed/AgriTech-USGS-LIDAR
# makefile
SHELL = /bin/sh
# environment
VSCODE_NLS_CONFIG = {"locale":"en","availableLanguages":{}}
# environment
_ = /usr/bin/make
# environment
CRED_ROOT_FOLDER = 10ac-batch-5/credentials
# environment
addusers = true
# makefile
MAKEFILE_LIST := 
# environment
CRED_FOLDERS = 
# environment
HISTCONTROL = ignoredups
# environment
VSCODE_VERBOSE_LOGGING = true
# environment
setupjhub = true
# environment
LESSOPEN = ||/usr/bin/lesspipe.sh %s
# environment
VSCODE_CWD = /home/rafaa_ahmed
# environment
SSH_CONNECTION = 41.95.46.73 31790 172.31.55.214 22
# environment
BUCKET = 10ac-batch-5
# environment
PYTHON_DIR = /opt/miniconda
# environment
PATH = /home/rafaa_ahmed/.vscode-server/bin/30d9c6cd9483b2cc586687151bcbcd635f373630/bin/remote-cli:/usr/bin:/usr/local/bin:/usr/local/sbin:/usr/local/bin:/usr/sbin:/usr/bin:/home/rafaa_ahmed/.local/bin:/home/rafaa_ahmed/bin
# environment
XDG_RUNTIME_DIR = /run/user/1004
# environment
VSCODE_LOG_STACK = false
# default
.FEATURES := target-specific order-only second-expansion else-if shortest-stem undefine oneshell archives jobserver check-symlink
# environment
setupdocker = true
# automatic
%F = $(notdir $%)
# environment
VSCODE_PIPE_LOGGING = true
# environment
PWD = /home/rafaa_ahmed/AgriTech-USGS-LIDAR
# environment
setupjnb = true
# environment
VSCODE_IPC_HOOK_CLI = /run/user/1004/vscode-ipc-f8ad6ac5-9f50-42c0-824a-e76d86346b75.sock
# automatic
*D = $(patsubst %/,%,$(dir $*))
# environment
VSCODE_AMD_ENTRYPOINT = vs/workbench/api/node/extensionHostProcess
# environment
HOME = /home/rafaa_ahmed
# environment
LOGNAME = rafaa_ahmed
# environment
APPLICATION_INSIGHTS_NO_DIAGNOSTIC_CHANNEL = true
# automatic
+F = $(notdir $+)
# environment
VSCODE_HANDLES_UNCAUGHT_ERRORS = true
# automatic
^D = $(patsubst %/,%,$(dir $^))
# environment
HOSTNAME = ip-172-31-55-214.ec2.internal
# environment
MAKELEVEL := 0
# default
MAKE = $(MAKE_COMMAND)
# default
MAKECMDGOALS := all
# environment
SHLVL = 5
# environment
XDG_SESSION_ID = 77
# environment
USER = rafaa_ahmed
# makefile
.DEFAULT_GOAL := 
# automatic
%D = $(patsubst %/,%,$(dir $%))
# default
MAKE_COMMAND := make
# default
.VARIABLES := 
# automatic
*F = $(notdir $*)
# makefile
MAKEFLAGS = Rrqp
# environment
MFLAGS = -Rrqp
# environment
SSH_CLIENT = 41.95.46.73 31790 22
# environment
MAIL = /var/spool/mail/rafaa_ahmed
# environment
NOTEBOOK_FOLDER = 10ac-batch-5/notebooks
# automatic
+D = $(patsubst %/,%,$(dir $+))
# environment
ADMIN_HOME = /home/ec2-user
# environment
lidarapp = true
# environment
BROWSER = /home/rafaa_ahmed/.vscode-server/bin/30d9c6cd9483b2cc586687151bcbcd635f373630/bin/helpers/browser.sh
# environment
VSCODE_HANDLES_SIGPIPE = true
# environment
setupconda = true
# default
MAKEFILES := 
# automatic
<F = $(notdir $<)
# environment
setupnvidea = false
# environment
LC_ALL = C
# automatic
^F = $(notdir $^)
# default
SUFFIXES := 
# environment
HISTSIZE = 1000
# default
.INCLUDE_DIRS = /usr/include /usr/local/include /usr/include
# default
.RECIPEPREFIX := 
# environment
LANG = C
# environment
VSCODE_EXTHOST_WILL_SEND_SOCKET = true
# variable set hash-table stats:
# Load=78/1024=8%, Rehash=0, Collisions=7/97=7%

# Pattern-specific Variable Values

# No pattern-specific variable values.

# Directories

# . (device 51713, inode 254148141): 13 files, no impossibilities.

# 13 files, no impossibilities in 1 directories.

# Implicit Rules

# No implicit rules.

# Files

# Not a target:
all:
#  Command line target.
#  Implicit rule search has been done.
#  File does not exist.
#  File has not been updated.

# Not a target:
.SUFFIXES:
#  Implicit rule search has not been done.
#  Modification time never checked.
#  File has not been updated.

# Not a target:
Makefile:
#  Implicit rule search has been done.
#  File does not exist.
#  File has been updated.
#  Failed to be updated.

# Not a target:
makefile:
#  Implicit rule search has been done.
#  File does not exist.
#  File has been updated.
#  Failed to be updated.

# Not a target:
.DEFAULT:
#  Implicit rule search has not been done.
#  Modification time never checked.
#  File has not been updated.

# Not a target:
GNUmakefile:
#  Implicit rule search has been done.
#  File does not exist.
#  File has been updated.
#  Failed to be updated.

# files hash-table stats:
# Load=6/1024=1%, Rehash=0, Collisions=0/15=0%
# VPATH Search Paths

# No `vpath' search paths.

# No general (`VPATH' variable) search path.

# # of strings in strcache: 0 / lookups = 24 / hits = 24
# # of strcache buffers: 1 (* 8176 B/buffer = 8176 B)
# strcache used: total = 0 (185) / max = 0 / min = 8176 / avg = 0
# strcache free: total = 0 (7991) / max = 0 / min = 8176 / avg = 0

# strcache hash-table stats:
# Load=21/8192=0%, Rehash=0, Collisions=1/24=4%
# Finished Make data base on Sat Jun 25 16:56:10 2022

 
make: *** No rule to make target `all'.  Stop.

